0 verbose cli /usr/bin/node /usr/bin/npm
1 info using npm@9.2.0
2 info using node@v18.19.1
3 timing npm:load:whichnode Completed in 1ms
4 timing config:load:defaults Completed in 3ms
5 timing config:load:file:/usr/share/nodejs/npm/npmrc Completed in 3ms
6 timing config:load:builtin Completed in 4ms
7 timing config:load:cli Completed in 3ms
8 timing config:load:env Completed in 0ms
9 timing config:load:project Completed in 1ms
10 timing config:load:file:/root/.npmrc Completed in 1ms
11 timing config:load:user Completed in 1ms
12 timing config:load:file:/etc/npmrc Completed in 0ms
13 timing config:load:global Completed in 1ms
14 timing config:load:setEnvs Completed in 1ms
15 timing config:load Completed in 14ms
16 timing npm:load:configload Completed in 14ms
17 timing npm:load:mkdirpcache Completed in 1ms
18 timing npm:load:mkdirplogs Completed in 0ms
19 verbose title npm install yarn
20 verbose argv "install" "--global" "yarn"
21 timing npm:load:setTitle Completed in 2ms
22 timing config:load:flatten Completed in 5ms
23 timing npm:load:display Completed in 8ms
24 verbose logfile logs-max:10 dir:/root/.npm/_logs/2024-06-25T02_52_21_203Z-
25 verbose logfile /root/.npm/_logs/2024-06-25T02_52_21_203Z-debug-0.log
26 timing npm:load:logFile Completed in 13ms
27 timing npm:load:timers Completed in 0ms
28 timing npm:load:configScope Completed in 0ms
29 timing npm:load Completed in 39ms
30 timing config:load:flatten Completed in 1ms
31 timing arborist:ctor Completed in 1ms
32 silly logfile done cleaning log files
33 timing idealTree:init Completed in 10ms
34 timing idealTree:userRequests Completed in 6ms
35 silly idealTree buildDeps
36 silly fetch manifest yarn@*
37 http fetch GET 200 https://registry.npmjs.org/yarn 180ms (cache miss)
38 silly placeDep ROOT yarn@1.22.22 OK for:  want: *
39 timing idealTree:#root Completed in 198ms
40 timing idealTree:node_modules/yarn Completed in 0ms
41 timing idealTree:buildDeps Completed in 200ms
42 timing idealTree:fixDepFlags Completed in 1ms
43 timing idealTree Completed in 222ms
44 timing reify:loadTrees Completed in 225ms
45 timing reify:diffTrees Completed in 2ms
46 silly reify moves {}
47 timing reify:retireShallow Completed in 2ms
48 timing reify:createSparse Completed in 1ms
49 timing reify:loadBundles Completed in 0ms
50 silly tarball no local data for yarn@https://registry.npmjs.org/yarn/-/yarn-1.22.22.tgz. Extracting by manifest.
51 http fetch GET 200 https://registry.npmjs.org/yarn/-/yarn-1.22.22.tgz 177ms (cache miss)
52 timing reifyNode:node_modules/yarn Completed in 189ms
53 timing reify:unpack Completed in 189ms
54 timing reify:unretire Completed in 0ms
55 timing build:queue Completed in 3ms
56 info run yarn@1.22.22 preinstall node_modules/yarn :; (node ./preinstall.js > /dev/null 2>&1 || true)
57 info run yarn@1.22.22 preinstall { code: 0, signal: null }
58 timing build:run:preinstall:node_modules/yarn Completed in 874ms
59 timing build:run:preinstall Completed in 875ms
60 timing build:link:node_modules/yarn Completed in 5ms
61 timing build:link Completed in 5ms
62 timing build:deps Completed in 883ms
63 timing build Completed in 883ms
64 timing reify:build Completed in 884ms
65 timing reify:trash Completed in 0ms
66 timing reify Completed in 1311ms
67 silly ADD node_modules/yarn
68 timing command:install Completed in 1322ms
69 verbose exit 0
70 timing npm Completed in 1380ms
71 info ok
